
Showing logs for build [32mcb-kubecd-environment-pr-239-10-4f7xf-1[0m stage [32mfrom-build-pack[0m and container [32mstep-credential-initializer-p88gj[0m
{"level":"info","ts":1592621553.1317184,"logger":"fallback-logger","caller":"logging/config.go:69","msg":"Fetch GitHub commit ID from kodata failed: open /var/run/ko/refs/heads/0.8.0-ns-support: no such file or directory"}
{"level":"info","ts":1592621553.1321623,"logger":"fallback-logger","caller":"creds-init/main.go:40","msg":"Credentials initialized."}

Showing logs for build [32mcb-kubecd-environment-pr-239-10-4f7xf-1[0m stage [32mfrom-build-pack[0m and container [32mstep-working-dir-initializer-26lfc[0m
{"level":"info","ts":1592621554.1229227,"logger":"fallback-logger","caller":"logging/config.go:69","msg":"Fetch GitHub commit ID from kodata failed: open /var/run/ko/HEAD: no such file or directory"}
{"level":"info","ts":1592621554.1236382,"logger":"fallback-logger","caller":"bash/main.go:64","msg":"Successfully executed command \"sh -c mkdir -p /workspace/source\"; output "}

Showing logs for build [32mcb-kubecd-environment-pr-239-10-4f7xf-1[0m stage [32mfrom-build-pack[0m and container [32mstep-place-tools[0m

Showing logs for build [32mcb-kubecd-environment-pr-239-10-4f7xf-1[0m stage [32mfrom-build-pack[0m and container [32mstep-git-source-cb-kubecd-environment-pr-239-10-4f7xf-dn2dl[0m
{"level":"info","ts":1592621558.1828423,"logger":"fallback-logger","caller":"logging/config.go:69","msg":"Fetch GitHub commit ID from kodata failed: open /var/run/ko/refs/heads/0.8.0-ns-support: no such file or directory"}
{"level":"info","ts":1592621558.4096649,"logger":"fallback-logger","caller":"git/git.go:103","msg":"Successfully cloned https://github.com/cb-kubecd/environment-pr-239-10-boot-eks-staging.git @ master in path /workspace/source"}

Showing logs for build [32mcb-kubecd-environment-pr-239-10-4f7xf-1[0m stage [32mfrom-build-pack[0m and container [32mstep-git-merge[0m
Using SHAs from PULL_REFS=master:43fd3be011e3a80c984ae2cd4470a6d6e700eba3,1:1e9fe009bf0f6eb83c8d55b43a1c85a2ef4b333c
DEBUG: LC_ALL=C JX_LOG_LEVEL=error git fetch origin --unshallow 1e9fe009bf0f6eb83c8d55b43a1c85a2ef4b333c: 43fd3be011e3a80c984ae2cd4470a6d6e700eba3:
DEBUG: ran git fetch --unshallow origin 1e9fe009bf0f6eb83c8d55b43a1c85a2ef4b333c: 43fd3be011e3a80c984ae2cd4470a6d6e700eba3: in 
DEBUG: JX_LOG_LEVEL=error LC_ALL=C git branch
DEBUG: LC_ALL=C JX_LOG_LEVEL=error git checkout master
DEBUG: ran git checkout master in 
DEBUG: LC_ALL=C JX_LOG_LEVEL=error git reset --hard 43fd3be011e3a80c984ae2cd4470a6d6e700eba3
DEBUG: ran git reset --hard 43fd3be011e3a80c984ae2cd4470a6d6e700eba3 in 
DEBUG: LC_ALL=C JX_LOG_LEVEL=error git clean -fd .
DEBUG: ran clean --force -d . in 
DEBUG: LC_ALL=C JX_LOG_LEVEL=error git merge 1e9fe009bf0f6eb83c8d55b43a1c85a2ef4b333c
DEBUG: ran git merge 1e9fe009bf0f6eb83c8d55b43a1c85a2ef4b333c in 
DEBUG: LC_ALL=C JX_LOG_LEVEL=error git log --format=%H%x1f%an%x1f%ae%x1f%cn%x1f%ce%x1f%s%n%b%x1e 43fd3be011e3a80c984ae2cd4470a6d6e700eba3..HEAD
Merged SHA 1e9fe009bf0f6eb83c8d55b43a1c85a2ef4b333c with commit message 'chore: Promote bdd-spring-1592620926 to version 0.0.1' into base branch master

Showing logs for build [32mcb-kubecd-environment-pr-239-10-4f7xf-1[0m stage [32mfrom-build-pack[0m and container [32mstep-build-helm-build[0m
WARNING: No $CHART_REPOSITORY defined so using the default value of: http://jenkins-x-chartmuseum:8080
Adding missing Helm repo: storage.googleapis.com https://storage.googleapis.com/chartmuseum.jenkins-x.io
WARNING: No secrets found on "helm/repos" due: reading the secret "helm/repos" from vault: no secret "helm/repos" not found in vault
Read credentials for https://storage.googleapis.com/chartmuseum.jenkins-x.io from vault helm/repos
Successfully added Helm repository storage.googleapis.com.
Adding missing Helm repo: jenkins-x-chartmuseum http://jenkins-x-chartmuseum:8080
WARNING: No secrets found on "helm/repos" due: reading the secret "helm/repos" from vault: no secret "helm/repos" not found in vault
Read credentials for http://jenkins-x-chartmuseum:8080 from vault helm/repos
Successfully added Helm repository jenkins-x-chartmuseum.
WARNING: No $CHART_REPOSITORY defined so using the default value of: http://jenkins-x-chartmuseum:8080
Adding missing Helm repo: chartmuseum.jenkins-x.io http://chartmuseum.jenkins-x.io
WARNING: No secrets found on "helm/repos" due: reading the secret "helm/repos" from vault: no secret "helm/repos" not found in vault
Read credentials for http://chartmuseum.jenkins-x.io from vault helm/repos
Successfully added Helm repository chartmuseum.jenkins-x.io.
