
Showing logs for build [32mcb-kubecd-environment-pr-239-10-tlhjz-1[0m stage [32mfrom-build-pack[0m and container [32mstep-credential-initializer-zqkhv[0m
{"level":"info","ts":1592629011.6599536,"logger":"fallback-logger","caller":"logging/config.go:69","msg":"Fetch GitHub commit ID from kodata failed: open /var/run/ko/refs/heads/0.8.0-ns-support: no such file or directory"}
{"level":"info","ts":1592629011.6603055,"logger":"fallback-logger","caller":"creds-init/main.go:40","msg":"Credentials initialized."}

Showing logs for build [32mcb-kubecd-environment-pr-239-10-tlhjz-1[0m stage [32mfrom-build-pack[0m and container [32mstep-working-dir-initializer-rx2jx[0m
{"level":"info","ts":1592629012.931095,"logger":"fallback-logger","caller":"logging/config.go:69","msg":"Fetch GitHub commit ID from kodata failed: open /var/run/ko/HEAD: no such file or directory"}
{"level":"info","ts":1592629012.9341087,"logger":"fallback-logger","caller":"bash/main.go:64","msg":"Successfully executed command \"sh -c mkdir -p /workspace/source\"; output "}

Showing logs for build [32mcb-kubecd-environment-pr-239-10-tlhjz-1[0m stage [32mfrom-build-pack[0m and container [32mstep-place-tools[0m

Showing logs for build [32mcb-kubecd-environment-pr-239-10-tlhjz-1[0m stage [32mfrom-build-pack[0m and container [32mstep-git-source-cb-kubecd-environment-pr-239-10-tlhjz-2vvwb[0m
{"level":"info","ts":1592629018.0447056,"logger":"fallback-logger","caller":"logging/config.go:69","msg":"Fetch GitHub commit ID from kodata failed: open /var/run/ko/refs/heads/0.8.0-ns-support: no such file or directory"}
{"level":"info","ts":1592629018.2640698,"logger":"fallback-logger","caller":"git/git.go:103","msg":"Successfully cloned https://github.com/cb-kubecd/environment-pr-239-10-boot-eks-staging.git @ master in path /workspace/source"}

Showing logs for build [32mcb-kubecd-environment-pr-239-10-tlhjz-1[0m stage [32mfrom-build-pack[0m and container [32mstep-git-merge[0m
Using SHAs from PULL_REFS=master:1274a23dd64c82549b6a7e0442c74c94a958df9e,4:09441d078fb2730a3a2423314321082fe63a5343
DEBUG: LC_ALL=C JX_LOG_LEVEL=error git fetch origin --unshallow 09441d078fb2730a3a2423314321082fe63a5343: 1274a23dd64c82549b6a7e0442c74c94a958df9e:
DEBUG: ran git fetch --unshallow origin 09441d078fb2730a3a2423314321082fe63a5343: 1274a23dd64c82549b6a7e0442c74c94a958df9e: in 
DEBUG: LC_ALL=C JX_LOG_LEVEL=error git branch
DEBUG: LC_ALL=C JX_LOG_LEVEL=error git checkout master
DEBUG: ran git checkout master in 
DEBUG: LC_ALL=C JX_LOG_LEVEL=error git reset --hard 1274a23dd64c82549b6a7e0442c74c94a958df9e
DEBUG: ran git reset --hard 1274a23dd64c82549b6a7e0442c74c94a958df9e in 
DEBUG: LC_ALL=C JX_LOG_LEVEL=error git clean -fd .
DEBUG: ran clean --force -d . in 
DEBUG: LC_ALL=C JX_LOG_LEVEL=error git merge 09441d078fb2730a3a2423314321082fe63a5343
DEBUG: ran git merge 09441d078fb2730a3a2423314321082fe63a5343 in 
DEBUG: LC_ALL=C JX_LOG_LEVEL=error git log --format=%H%x1f%an%x1f%ae%x1f%cn%x1f%ce%x1f%s%n%b%x1e 1274a23dd64c82549b6a7e0442c74c94a958df9e..HEAD
Merged SHA 09441d078fb2730a3a2423314321082fe63a5343 with commit message 'chore: Promote bdd-gh-1592622724 to version 0.0.1' into base branch master

Showing logs for build [32mcb-kubecd-environment-pr-239-10-tlhjz-1[0m stage [32mfrom-build-pack[0m and container [32mstep-build-helm-build[0m
WARNING: No $CHART_REPOSITORY defined so using the default value of: http://jenkins-x-chartmuseum:8080
Adding missing Helm repo: storage.googleapis.com https://storage.googleapis.com/chartmuseum.jenkins-x.io
WARNING: No secrets found on "helm/repos" due: reading the secret "helm/repos" from vault: no secret "helm/repos" not found in vault
Read credentials for https://storage.googleapis.com/chartmuseum.jenkins-x.io from vault helm/repos
Successfully added Helm repository storage.googleapis.com.
Adding missing Helm repo: jenkins-x-chartmuseum http://jenkins-x-chartmuseum:8080
WARNING: No secrets found on "helm/repos" due: reading the secret "helm/repos" from vault: no secret "helm/repos" not found in vault
Read credentials for http://jenkins-x-chartmuseum:8080 from vault helm/repos
Successfully added Helm repository jenkins-x-chartmuseum.
WARNING: No $CHART_REPOSITORY defined so using the default value of: http://jenkins-x-chartmuseum:8080
Adding missing Helm repo: chartmuseum.jenkins-x.io http://chartmuseum.jenkins-x.io
WARNING: No secrets found on "helm/repos" due: reading the secret "helm/repos" from vault: no secret "helm/repos" not found in vault
Read credentials for http://chartmuseum.jenkins-x.io from vault helm/repos
Successfully added Helm repository chartmuseum.jenkins-x.io.
