
Showing logs for build [32mcb-kubecd-environment-pr-239-10-9bmt5-1[0m stage [32mfrom-build-pack[0m and container [32mstep-credential-initializer-2jz4p[0m
{"level":"info","ts":1592626353.2512681,"logger":"fallback-logger","caller":"logging/config.go:69","msg":"Fetch GitHub commit ID from kodata failed: open /var/run/ko/refs/heads/0.8.0-ns-support: no such file or directory"}
{"level":"info","ts":1592626353.2515976,"logger":"fallback-logger","caller":"creds-init/main.go:40","msg":"Credentials initialized."}

Showing logs for build [32mcb-kubecd-environment-pr-239-10-9bmt5-1[0m stage [32mfrom-build-pack[0m and container [32mstep-working-dir-initializer-8h6gq[0m
{"level":"info","ts":1592626354.2614622,"logger":"fallback-logger","caller":"logging/config.go:69","msg":"Fetch GitHub commit ID from kodata failed: open /var/run/ko/HEAD: no such file or directory"}
{"level":"info","ts":1592626354.2621427,"logger":"fallback-logger","caller":"bash/main.go:64","msg":"Successfully executed command \"sh -c mkdir -p /workspace/source\"; output "}

Showing logs for build [32mcb-kubecd-environment-pr-239-10-9bmt5-1[0m stage [32mfrom-build-pack[0m and container [32mstep-place-tools[0m

Showing logs for build [32mcb-kubecd-environment-pr-239-10-9bmt5-1[0m stage [32mfrom-build-pack[0m and container [32mstep-git-source-cb-kubecd-environment-pr-239-10-9bmt5-4762z[0m
{"level":"info","ts":1592626357.3371239,"logger":"fallback-logger","caller":"logging/config.go:69","msg":"Fetch GitHub commit ID from kodata failed: open /var/run/ko/refs/heads/0.8.0-ns-support: no such file or directory"}
{"level":"info","ts":1592626357.5611029,"logger":"fallback-logger","caller":"git/git.go:103","msg":"Successfully cloned https://github.com/cb-kubecd/environment-pr-239-10-boot-eks-staging.git @ master in path /workspace/source"}

Showing logs for build [32mcb-kubecd-environment-pr-239-10-9bmt5-1[0m stage [32mfrom-build-pack[0m and container [32mstep-git-merge[0m
Using SHAs from PULL_REFS=master:da3d9d06a635c82391b22fce5ae6d3ddf147f9b6,3:4163c938b47f4d5333b08e4d2ba7125e17e58e05
DEBUG: LC_ALL=C JX_LOG_LEVEL=error git fetch origin --unshallow 4163c938b47f4d5333b08e4d2ba7125e17e58e05: da3d9d06a635c82391b22fce5ae6d3ddf147f9b6:
DEBUG: ran git fetch --unshallow origin 4163c938b47f4d5333b08e4d2ba7125e17e58e05: da3d9d06a635c82391b22fce5ae6d3ddf147f9b6: in 
DEBUG: LC_ALL=C JX_LOG_LEVEL=error git branch
DEBUG: LC_ALL=C JX_LOG_LEVEL=error git checkout master
DEBUG: ran git checkout master in 
DEBUG: LC_ALL=C JX_LOG_LEVEL=error git reset --hard da3d9d06a635c82391b22fce5ae6d3ddf147f9b6
DEBUG: ran git reset --hard da3d9d06a635c82391b22fce5ae6d3ddf147f9b6 in 
DEBUG: LC_ALL=C JX_LOG_LEVEL=error git clean -fd .
DEBUG: ran clean --force -d . in 
DEBUG: LC_ALL=C JX_LOG_LEVEL=error git merge 4163c938b47f4d5333b08e4d2ba7125e17e58e05
DEBUG: ran git merge 4163c938b47f4d5333b08e4d2ba7125e17e58e05 in 
DEBUG: LC_ALL=C JX_LOG_LEVEL=error git log --format=%H%x1f%an%x1f%ae%x1f%cn%x1f%ce%x1f%s%n%b%x1e da3d9d06a635c82391b22fce5ae6d3ddf147f9b6..HEAD
Merged SHA 4163c938b47f4d5333b08e4d2ba7125e17e58e05 with commit message 'chore: Promote bdd-nh-1592622724 to version 0.0.1' into base branch master

Showing logs for build [32mcb-kubecd-environment-pr-239-10-9bmt5-1[0m stage [32mfrom-build-pack[0m and container [32mstep-build-helm-build[0m
WARNING: No $CHART_REPOSITORY defined so using the default value of: http://jenkins-x-chartmuseum:8080
Adding missing Helm repo: storage.googleapis.com https://storage.googleapis.com/chartmuseum.jenkins-x.io
WARNING: No secrets found on "helm/repos" due: reading the secret "helm/repos" from vault: no secret "helm/repos" not found in vault
Read credentials for https://storage.googleapis.com/chartmuseum.jenkins-x.io from vault helm/repos
Successfully added Helm repository storage.googleapis.com.
Adding missing Helm repo: jenkins-x-chartmuseum http://jenkins-x-chartmuseum:8080
WARNING: No secrets found on "helm/repos" due: reading the secret "helm/repos" from vault: no secret "helm/repos" not found in vault
Read credentials for http://jenkins-x-chartmuseum:8080 from vault helm/repos
Successfully added Helm repository jenkins-x-chartmuseum.
WARNING: No $CHART_REPOSITORY defined so using the default value of: http://jenkins-x-chartmuseum:8080
Adding missing Helm repo: chartmuseum.jenkins-x.io http://chartmuseum.jenkins-x.io
WARNING: No secrets found on "helm/repos" due: reading the secret "helm/repos" from vault: no secret "helm/repos" not found in vault
Read credentials for http://chartmuseum.jenkins-x.io from vault helm/repos
Successfully added Helm repository chartmuseum.jenkins-x.io.
