
Showing logs for build [32mcb-kubecd-environment-pr-239-10-wfqg9-1[0m stage [32mfrom-build-pack[0m and container [32mstep-credential-initializer-pdpp7[0m
{"level":"info","ts":1592623713.3324406,"logger":"fallback-logger","caller":"logging/config.go:69","msg":"Fetch GitHub commit ID from kodata failed: open /var/run/ko/refs/heads/0.8.0-ns-support: no such file or directory"}
{"level":"info","ts":1592623713.3327198,"logger":"fallback-logger","caller":"creds-init/main.go:40","msg":"Credentials initialized."}

Showing logs for build [32mcb-kubecd-environment-pr-239-10-wfqg9-1[0m stage [32mfrom-build-pack[0m and container [32mstep-working-dir-initializer-9mkfz[0m
{"level":"info","ts":1592623714.3556497,"logger":"fallback-logger","caller":"logging/config.go:69","msg":"Fetch GitHub commit ID from kodata failed: open /var/run/ko/HEAD: no such file or directory"}
{"level":"info","ts":1592623714.356427,"logger":"fallback-logger","caller":"bash/main.go:64","msg":"Successfully executed command \"sh -c mkdir -p /workspace/source\"; output "}

Showing logs for build [32mcb-kubecd-environment-pr-239-10-wfqg9-1[0m stage [32mfrom-build-pack[0m and container [32mstep-place-tools[0m

Showing logs for build [32mcb-kubecd-environment-pr-239-10-wfqg9-1[0m stage [32mfrom-build-pack[0m and container [32mstep-git-source-cb-kubecd-environment-pr-239-10-wfqg9-5k85j[0m
{"level":"info","ts":1592623717.469831,"logger":"fallback-logger","caller":"logging/config.go:69","msg":"Fetch GitHub commit ID from kodata failed: open /var/run/ko/refs/heads/0.8.0-ns-support: no such file or directory"}
{"level":"info","ts":1592623717.673727,"logger":"fallback-logger","caller":"git/git.go:103","msg":"Successfully cloned https://github.com/cb-kubecd/environment-pr-239-10-boot-eks-staging.git @ master in path /workspace/source"}

Showing logs for build [32mcb-kubecd-environment-pr-239-10-wfqg9-1[0m stage [32mfrom-build-pack[0m and container [32mstep-git-merge[0m
Using SHAs from PULL_REFS=master:90a213a9cfa7ac0645de4412c6050ebdb3de9c96,2:5bc9754e7ab4453502ac836daf26ff56b7a12a6b
DEBUG: LC_ALL=C JX_LOG_LEVEL=error git fetch origin --unshallow 5bc9754e7ab4453502ac836daf26ff56b7a12a6b: 90a213a9cfa7ac0645de4412c6050ebdb3de9c96:
DEBUG: ran git fetch --unshallow origin 5bc9754e7ab4453502ac836daf26ff56b7a12a6b: 90a213a9cfa7ac0645de4412c6050ebdb3de9c96: in 
DEBUG: LC_ALL=C JX_LOG_LEVEL=error git branch
DEBUG: LC_ALL=C JX_LOG_LEVEL=error git checkout master
DEBUG: ran git checkout master in 
DEBUG: LC_ALL=C JX_LOG_LEVEL=error git reset --hard 90a213a9cfa7ac0645de4412c6050ebdb3de9c96
DEBUG: ran git reset --hard 90a213a9cfa7ac0645de4412c6050ebdb3de9c96 in 
DEBUG: LC_ALL=C JX_LOG_LEVEL=error git clean -fd .
DEBUG: ran clean --force -d . in 
DEBUG: LC_ALL=C JX_LOG_LEVEL=error git merge 5bc9754e7ab4453502ac836daf26ff56b7a12a6b
DEBUG: ran git merge 5bc9754e7ab4453502ac836daf26ff56b7a12a6b in 
DEBUG: LC_ALL=C JX_LOG_LEVEL=error git log --format=%H%x1f%an%x1f%ae%x1f%cn%x1f%ce%x1f%s%n%b%x1e 90a213a9cfa7ac0645de4412c6050ebdb3de9c96..HEAD
Merged SHA 5bc9754e7ab4453502ac836daf26ff56b7a12a6b with commit message 'chore: Promote bdd-sbhg-1592622724 to version 0.0.1' into base branch master

Showing logs for build [32mcb-kubecd-environment-pr-239-10-wfqg9-1[0m stage [32mfrom-build-pack[0m and container [32mstep-build-helm-build[0m
WARNING: No $CHART_REPOSITORY defined so using the default value of: http://jenkins-x-chartmuseum:8080
Adding missing Helm repo: storage.googleapis.com https://storage.googleapis.com/chartmuseum.jenkins-x.io
WARNING: No secrets found on "helm/repos" due: reading the secret "helm/repos" from vault: no secret "helm/repos" not found in vault
Read credentials for https://storage.googleapis.com/chartmuseum.jenkins-x.io from vault helm/repos
Successfully added Helm repository storage.googleapis.com.
Adding missing Helm repo: jenkins-x-chartmuseum http://jenkins-x-chartmuseum:8080
WARNING: No secrets found on "helm/repos" due: reading the secret "helm/repos" from vault: no secret "helm/repos" not found in vault
Read credentials for http://jenkins-x-chartmuseum:8080 from vault helm/repos
Successfully added Helm repository jenkins-x-chartmuseum.
WARNING: No $CHART_REPOSITORY defined so using the default value of: http://jenkins-x-chartmuseum:8080
Adding missing Helm repo: chartmuseum.jenkins-x.io http://chartmuseum.jenkins-x.io
WARNING: No secrets found on "helm/repos" due: reading the secret "helm/repos" from vault: no secret "helm/repos" not found in vault
Read credentials for http://chartmuseum.jenkins-x.io from vault helm/repos
Successfully added Helm repository chartmuseum.jenkins-x.io.
